2025-03-15 14:47:00 - Starting AddressbookApplication using Java 23.0.2 with PID 12444 (C:\Users\panwa.ARROWWAVE\Downloads\addressbook\addressbook\target\classes started by panwa in C:\Users\panwa.ARROWWAVE\Downloads\addressbook\addressbook)
2025-03-15 14:47:00 - The following 1 profile is active: "staging"
2025-03-15 14:47:00 - Devtools property defaults active! Set 'spring.devtools.add-properties' to 'false' to disable
2025-03-15 14:47:00 - For additional web related logging consider setting the 'logging.level.web' property to 'DEBUG'
2025-03-15 14:47:01 - Bootstrapping Spring Data JPA repositories in DEFAULT mode.
2025-03-15 14:47:01 - Finished Spring Data repository scanning in 36 ms. Found 1 JPA repository interface.
2025-03-15 14:47:01 - Tomcat initialized with port 8080 (http)
2025-03-15 14:47:01 - Starting service [Tomcat]
2025-03-15 14:47:01 - Starting Servlet engine: [Apache Tomcat/10.1.36]
2025-03-15 14:47:01 - Initializing Spring embedded WebApplicationContext
2025-03-15 14:47:01 - Root WebApplicationContext: initialization completed in 1006 ms
2025-03-15 14:47:01 - HHH000204: Processing PersistenceUnitInfo [name: default]
2025-03-15 14:47:01 - HHH000412: Hibernate ORM core version 6.6.8.Final
2025-03-15 14:47:01 - HHH000026: Second-level cache disabled
2025-03-15 14:47:01 - No LoadTimeWeaver setup: ignoring JPA class transformer
2025-03-15 14:47:01 - HikariPool-1 - Starting...
2025-03-15 14:47:02 - HikariPool-1 - Added connection com.mysql.cj.jdbc.ConnectionImpl@63684e2
2025-03-15 14:47:02 - HikariPool-1 - Start completed.
2025-03-15 14:47:02 - HHH90000025: MySQL8Dialect does not need to be specified explicitly using 'hibernate.dialect' (remove the property setting and it will be selected by default)
2025-03-15 14:47:02 - HHH90000026: MySQL8Dialect has been deprecated; use org.hibernate.dialect.MySQLDialect instead
2025-03-15 14:47:02 - HHH10001005: Database info:
	Database JDBC URL [Connecting through datasource 'HikariDataSource (HikariPool-1)']
	Database driver: undefined/unknown
	Database version: 8.0
	Autocommit mode: undefined/unknown
	Isolation level: undefined/unknown
	Minimum pool size: undefined/unknown
	Maximum pool size: undefined/unknown
2025-03-15 14:47:02 - HHH000489: No JTA platform available (set 'hibernate.transaction.jta.platform' to enable JTA platform integration)
2025-03-15 14:47:03 - Initialized JPA EntityManagerFactory for persistence unit 'default'
2025-03-15 14:47:03 - spring.jpa.open-in-view is enabled by default. Therefore, database queries may be performed during view rendering. Explicitly configure spring.jpa.open-in-view to disable this warning
2025-03-15 14:47:03 - LiveReload server is running on port 35729
2025-03-15 14:47:03 - Tomcat started on port 8080 (http) with context path '/'
2025-03-15 14:47:03 - Started AddressbookApplication in 3.543 seconds (process running for 4.253)
2025-03-15 14:47:10 - Commencing graceful shutdown. Waiting for active requests to complete
2025-03-15 14:47:10 - Graceful shutdown complete
2025-03-15 14:47:10 - Closing JPA EntityManagerFactory for persistence unit 'default'
2025-03-15 14:47:10 - HikariPool-1 - Shutdown initiated...
2025-03-15 14:47:10 - HikariPool-1 - Shutdown completed.
