2025-03-15 13:56:51 - Starting AddressbookApplication using Java 23.0.2 with PID 16132 (C:\Users\panwa.ARROWWAVE\Downloads\addressbook\addressbook\target\classes started by panwa in C:\Users\panwa.ARROWWAVE\Downloads\addressbook\addressbook)
2025-03-15 13:56:51 - Running with Spring Boot v3.4.3, Spring v6.2.3
2025-03-15 13:56:51 - No active profile set, falling back to 1 default profile: "default"
2025-03-15 13:56:51 - Devtools property defaults active! Set 'spring.devtools.add-properties' to 'false' to disable
2025-03-15 13:56:51 - For additional web related logging consider setting the 'logging.level.web' property to 'DEBUG'
2025-03-15 13:56:51 - Bootstrapping Spring Data JPA repositories in DEFAULT mode.
2025-03-15 13:56:51 - Finished Spring Data repository scanning in 34 ms. Found 1 JPA repository interface.
2025-03-15 13:56:52 - Tomcat initialized with port 8080 (http)
2025-03-15 13:56:52 - Starting service [Tomcat]
2025-03-15 13:56:52 - Starting Servlet engine: [Apache Tomcat/10.1.36]
2025-03-15 13:56:52 - Initializing Spring embedded WebApplicationContext
2025-03-15 13:56:52 - Root WebApplicationContext: initialization completed in 991 ms
2025-03-15 13:56:52 - HHH000204: Processing PersistenceUnitInfo [name: default]
2025-03-15 13:56:52 - HHH000412: Hibernate ORM core version 6.6.8.Final
2025-03-15 13:56:52 - HHH000026: Second-level cache disabled
2025-03-15 13:56:52 - No LoadTimeWeaver setup: ignoring JPA class transformer
2025-03-15 13:56:52 - HikariPool-1 - Starting...
2025-03-15 13:56:52 - HikariPool-1 - Added connection com.mysql.cj.jdbc.ConnectionImpl@6db4a29b
2025-03-15 13:56:52 - HikariPool-1 - Start completed.
2025-03-15 13:56:53 - HHH90000025: MySQL8Dialect does not need to be specified explicitly using 'hibernate.dialect' (remove the property setting and it will be selected by default)
2025-03-15 13:56:53 - HHH90000026: MySQL8Dialect has been deprecated; use org.hibernate.dialect.MySQLDialect instead
2025-03-15 13:56:53 - HHH10001005: Database info:
	Database JDBC URL [Connecting through datasource 'HikariDataSource (HikariPool-1)']
	Database driver: undefined/unknown
	Database version: 8.0
	Autocommit mode: undefined/unknown
	Isolation level: undefined/unknown
	Minimum pool size: undefined/unknown
	Maximum pool size: undefined/unknown
2025-03-15 13:56:53 - HHH000489: No JTA platform available (set 'hibernate.transaction.jta.platform' to enable JTA platform integration)
2025-03-15 13:56:53 - Initialized JPA EntityManagerFactory for persistence unit 'default'
2025-03-15 13:56:53 - spring.jpa.open-in-view is enabled by default. Therefore, database queries may be performed during view rendering. Explicitly configure spring.jpa.open-in-view to disable this warning
2025-03-15 13:56:54 - LiveReload server is running on port 35729
2025-03-15 13:56:54 - Tomcat started on port 8080 (http) with context path '/'
2025-03-15 13:56:54 - Started AddressbookApplication in 3.619 seconds (process running for 4.333)
2025-03-15 13:57:19 - Initializing Spring DispatcherServlet 'dispatcherServlet'
2025-03-15 13:57:19 - Initializing Servlet 'dispatcherServlet'
2025-03-15 13:57:19 - Completed initialization in 2 ms
2025-03-15 13:57:19 - Fetching all addresses
2025-03-15 13:58:14 - Address with ID 10 not found for deletion
2025-03-15 13:58:21 - Resolved [org.springframework.web.HttpRequestMethodNotSupportedException: Request method 'DELETE' is not supported]
2025-03-15 13:58:39 - Fetching all addresses
2025-03-15 14:03:53 - Commencing graceful shutdown. Waiting for active requests to complete
2025-03-15 14:03:54 - Graceful shutdown complete
2025-03-15 14:03:54 - Closing JPA EntityManagerFactory for persistence unit 'default'
2025-03-15 14:03:54 - HikariPool-1 - Shutdown initiated...
2025-03-15 14:03:54 - HikariPool-1 - Shutdown completed.
2025-03-15 14:03:58 - Starting AddressbookApplication using Java 23.0.2 with PID 14244 (C:\Users\panwa.ARROWWAVE\Downloads\addressbook\addressbook\target\classes started by panwa in C:\Users\panwa.ARROWWAVE\Downloads\addressbook\addressbook)
2025-03-15 14:03:58 - Running with Spring Boot v3.4.3, Spring v6.2.3
2025-03-15 14:03:58 - No active profile set, falling back to 1 default profile: "default"
2025-03-15 14:03:58 - Devtools property defaults active! Set 'spring.devtools.add-properties' to 'false' to disable
2025-03-15 14:03:58 - For additional web related logging consider setting the 'logging.level.web' property to 'DEBUG'
2025-03-15 14:03:59 - Bootstrapping Spring Data JPA repositories in DEFAULT mode.
2025-03-15 14:03:59 - Finished Spring Data repository scanning in 42 ms. Found 1 JPA repository interface.
2025-03-15 14:03:59 - Tomcat initialized with port 8080 (http)
2025-03-15 14:03:59 - Starting service [Tomcat]
2025-03-15 14:03:59 - Starting Servlet engine: [Apache Tomcat/10.1.36]
2025-03-15 14:04:00 - Initializing Spring embedded WebApplicationContext
2025-03-15 14:04:00 - Root WebApplicationContext: initialization completed in 1056 ms
2025-03-15 14:04:00 - HHH000204: Processing PersistenceUnitInfo [name: default]
2025-03-15 14:04:00 - HHH000412: Hibernate ORM core version 6.6.8.Final
2025-03-15 14:04:00 - HHH000026: Second-level cache disabled
2025-03-15 14:04:00 - No LoadTimeWeaver setup: ignoring JPA class transformer
2025-03-15 14:04:00 - HikariPool-1 - Starting...
2025-03-15 14:04:00 - HikariPool-1 - Added connection com.mysql.cj.jdbc.ConnectionImpl@7d0e6197
2025-03-15 14:04:00 - HikariPool-1 - Start completed.
2025-03-15 14:04:00 - HHH90000025: MySQL8Dialect does not need to be specified explicitly using 'hibernate.dialect' (remove the property setting and it will be selected by default)
2025-03-15 14:04:00 - HHH90000026: MySQL8Dialect has been deprecated; use org.hibernate.dialect.MySQLDialect instead
2025-03-15 14:04:00 - HHH10001005: Database info:
	Database JDBC URL [Connecting through datasource 'HikariDataSource (HikariPool-1)']
	Database driver: undefined/unknown
	Database version: 8.0
	Autocommit mode: undefined/unknown
	Isolation level: undefined/unknown
	Minimum pool size: undefined/unknown
	Maximum pool size: undefined/unknown
2025-03-15 14:04:01 - HHH000489: No JTA platform available (set 'hibernate.transaction.jta.platform' to enable JTA platform integration)
2025-03-15 14:04:01 - Initialized JPA EntityManagerFactory for persistence unit 'default'
2025-03-15 14:04:01 - spring.jpa.open-in-view is enabled by default. Therefore, database queries may be performed during view rendering. Explicitly configure spring.jpa.open-in-view to disable this warning
2025-03-15 14:04:01 - LiveReload server is running on port 35729
2025-03-15 14:04:01 - Tomcat started on port 8080 (http) with context path '/'
2025-03-15 14:04:01 - Started AddressbookApplication in 3.445 seconds (process running for 4.064)
2025-03-15 14:04:07 - Initializing Spring DispatcherServlet 'dispatcherServlet'
2025-03-15 14:04:07 - Initializing Servlet 'dispatcherServlet'
2025-03-15 14:04:07 - Completed initialization in 0 ms
2025-03-15 14:04:07 - Fetching all addresses
2025-03-15 14:04:53 - Restarting due to 1 class path change (0 additions, 1 deletion, 0 modifications)
2025-03-15 14:04:53 - Commencing graceful shutdown. Waiting for active requests to complete
2025-03-15 14:04:54 - Graceful shutdown complete
2025-03-15 14:04:54 - Socket accept failed
java.nio.channels.AsynchronousCloseException: null
	at java.base/java.nio.channels.spi.AbstractInterruptibleChannel.end(AbstractInterruptibleChannel.java:218)
	at java.base/sun.nio.ch.ServerSocketChannelImpl.end(ServerSocketChannelImpl.java:383)
	at java.base/sun.nio.ch.ServerSocketChannelImpl.accept(ServerSocketChannelImpl.java:408)
	at org.apache.tomcat.util.net.NioEndpoint.serverSocketAccept(NioEndpoint.java:518)
	at org.apache.tomcat.util.net.NioEndpoint.serverSocketAccept(NioEndpoint.java:71)
	at org.apache.tomcat.util.net.Acceptor.run(Acceptor.java:128)
	at java.base/java.lang.Thread.run(Thread.java:1575)
2025-03-15 14:04:54 - Closing JPA EntityManagerFactory for persistence unit 'default'
2025-03-15 14:04:54 - HikariPool-1 - Shutdown initiated...
2025-03-15 14:04:54 - HikariPool-1 - Shutdown completed.
2025-03-15 14:04:54 - Starting AddressbookApplication using Java 23.0.2 with PID 14244 (C:\Users\panwa.ARROWWAVE\Downloads\addressbook\addressbook\target\classes started by panwa in C:\Users\panwa.ARROWWAVE\Downloads\addressbook\addressbook)
2025-03-15 14:04:54 - Running with Spring Boot v3.4.3, Spring v6.2.3
2025-03-15 14:04:54 - No active profile set, falling back to 1 default profile: "default"
2025-03-15 14:04:54 - Bootstrapping Spring Data JPA repositories in DEFAULT mode.
2025-03-15 14:04:54 - Finished Spring Data repository scanning in 9 ms. Found 1 JPA repository interface.
2025-03-15 14:04:54 - Tomcat initialized with port 8080 (http)
2025-03-15 14:04:54 - Starting service [Tomcat]
2025-03-15 14:04:54 - Starting Servlet engine: [Apache Tomcat/10.1.36]
2025-03-15 14:04:54 - Initializing Spring embedded WebApplicationContext
2025-03-15 14:04:54 - Root WebApplicationContext: initialization completed in 271 ms
2025-03-15 14:04:54 - HHH000204: Processing PersistenceUnitInfo [name: default]
2025-03-15 14:04:54 - HHH000026: Second-level cache disabled
2025-03-15 14:04:54 - No LoadTimeWeaver setup: ignoring JPA class transformer
2025-03-15 14:04:54 - HikariPool-2 - Starting...
2025-03-15 14:04:54 - HikariPool-2 - Added connection com.mysql.cj.jdbc.ConnectionImpl@11ae9b35
2025-03-15 14:04:54 - HikariPool-2 - Start completed.
2025-03-15 14:04:54 - HHH90000025: MySQL8Dialect does not need to be specified explicitly using 'hibernate.dialect' (remove the property setting and it will be selected by default)
2025-03-15 14:04:54 - HHH90000026: MySQL8Dialect has been deprecated; use org.hibernate.dialect.MySQLDialect instead
2025-03-15 14:04:54 - HHH10001005: Database info:
	Database JDBC URL [Connecting through datasource 'HikariDataSource (HikariPool-2)']
	Database driver: undefined/unknown
	Database version: 8.0
	Autocommit mode: undefined/unknown
	Isolation level: undefined/unknown
	Minimum pool size: undefined/unknown
	Maximum pool size: undefined/unknown
2025-03-15 14:04:54 - HHH000489: No JTA platform available (set 'hibernate.transaction.jta.platform' to enable JTA platform integration)
2025-03-15 14:04:54 - Initialized JPA EntityManagerFactory for persistence unit 'default'
2025-03-15 14:04:54 - spring.jpa.open-in-view is enabled by default. Therefore, database queries may be performed during view rendering. Explicitly configure spring.jpa.open-in-view to disable this warning
2025-03-15 14:04:55 - LiveReload server is running on port 35729
2025-03-15 14:04:55 - Tomcat started on port 8080 (http) with context path '/'
2025-03-15 14:04:55 - Started AddressbookApplication in 0.649 seconds (process running for 57.259)
2025-03-15 14:04:55 - Condition evaluation unchanged
2025-03-15 14:04:56 - Restarting due to 1 class path change (1 addition, 0 deletions, 0 modifications)
2025-03-15 14:04:56 - Commencing graceful shutdown. Waiting for active requests to complete
2025-03-15 14:04:57 - Graceful shutdown complete
2025-03-15 14:04:57 - Socket accept failed
java.nio.channels.AsynchronousCloseException: null
	at java.base/java.nio.channels.spi.AbstractInterruptibleChannel.end(AbstractInterruptibleChannel.java:218) ~[na:na]
	at java.base/sun.nio.ch.ServerSocketChannelImpl.end(ServerSocketChannelImpl.java:383) ~[na:na]
	at java.base/sun.nio.ch.ServerSocketChannelImpl.accept(ServerSocketChannelImpl.java:408) ~[na:na]
	at org.apache.tomcat.util.net.NioEndpoint.serverSocketAccept(NioEndpoint.java:518) ~[tomcat-embed-core-10.1.36.jar:10.1.36]
	at org.apache.tomcat.util.net.NioEndpoint.serverSocketAccept(NioEndpoint.java:71) ~[tomcat-embed-core-10.1.36.jar:10.1.36]
	at org.apache.tomcat.util.net.Acceptor.run(Acceptor.java:128) ~[tomcat-embed-core-10.1.36.jar:10.1.36]
	at java.base/java.lang.Thread.run(Thread.java:1575) ~[na:na]
2025-03-15 14:04:57 - Closing JPA EntityManagerFactory for persistence unit 'default'
2025-03-15 14:04:57 - HikariPool-2 - Shutdown initiated...
2025-03-15 14:04:57 - HikariPool-2 - Shutdown completed.
2025-03-15 14:04:57 - Starting AddressbookApplication using Java 23.0.2 with PID 14244 (C:\Users\panwa.ARROWWAVE\Downloads\addressbook\addressbook\target\classes started by panwa in C:\Users\panwa.ARROWWAVE\Downloads\addressbook\addressbook)
2025-03-15 14:04:57 - Running with Spring Boot v3.4.3, Spring v6.2.3
2025-03-15 14:04:57 - No active profile set, falling back to 1 default profile: "default"
2025-03-15 14:04:57 - Bootstrapping Spring Data JPA repositories in DEFAULT mode.
2025-03-15 14:04:57 - Finished Spring Data repository scanning in 10 ms. Found 1 JPA repository interface.
2025-03-15 14:04:57 - Tomcat initialized with port 8080 (http)
2025-03-15 14:04:57 - Starting service [Tomcat]
2025-03-15 14:04:57 - Starting Servlet engine: [Apache Tomcat/10.1.36]
2025-03-15 14:04:57 - Initializing Spring embedded WebApplicationContext
2025-03-15 14:04:57 - Root WebApplicationContext: initialization completed in 252 ms
2025-03-15 14:04:57 - HHH000204: Processing PersistenceUnitInfo [name: default]
2025-03-15 14:04:57 - HHH000026: Second-level cache disabled
2025-03-15 14:04:57 - No LoadTimeWeaver setup: ignoring JPA class transformer
2025-03-15 14:04:57 - HikariPool-3 - Starting...
2025-03-15 14:04:57 - HikariPool-3 - Added connection com.mysql.cj.jdbc.ConnectionImpl@352ba949
2025-03-15 14:04:57 - HikariPool-3 - Start completed.
2025-03-15 14:04:57 - HHH90000025: MySQL8Dialect does not need to be specified explicitly using 'hibernate.dialect' (remove the property setting and it will be selected by default)
2025-03-15 14:04:57 - HHH90000026: MySQL8Dialect has been deprecated; use org.hibernate.dialect.MySQLDialect instead
2025-03-15 14:04:57 - HHH10001005: Database info:
	Database JDBC URL [Connecting through datasource 'HikariDataSource (HikariPool-3)']
	Database driver: undefined/unknown
	Database version: 8.0
	Autocommit mode: undefined/unknown
	Isolation level: undefined/unknown
	Minimum pool size: undefined/unknown
	Maximum pool size: undefined/unknown
2025-03-15 14:04:57 - HHH000489: No JTA platform available (set 'hibernate.transaction.jta.platform' to enable JTA platform integration)
2025-03-15 14:04:57 - Initialized JPA EntityManagerFactory for persistence unit 'default'
2025-03-15 14:04:57 - spring.jpa.open-in-view is enabled by default. Therefore, database queries may be performed during view rendering. Explicitly configure spring.jpa.open-in-view to disable this warning
2025-03-15 14:04:57 - LiveReload server is running on port 35729
2025-03-15 14:04:57 - Tomcat started on port 8080 (http) with context path '/'
2025-03-15 14:04:57 - Started AddressbookApplication in 0.527 seconds (process running for 59.768)
2025-03-15 14:04:57 - Condition evaluation unchanged
2025-03-15 14:04:58 - Initializing Spring DispatcherServlet 'dispatcherServlet'
2025-03-15 14:04:58 - Initializing Servlet 'dispatcherServlet'
2025-03-15 14:04:58 - Completed initialization in 0 ms
2025-03-15 14:04:59 - Added new address: AddressDTO(id=1, name=John Doe, phoneNumber=123-456-7890, email=john.doe@example.com)
2025-03-15 14:06:32 - Fetching all addresses
2025-03-15 14:07:45 - Fetching all addresses
2025-03-15 14:08:32 - Fetching address with ID: 10
2025-03-15 14:08:32 - Address with ID 10 not found
2025-03-15 14:08:39 - Fetching address with ID: 1
2025-03-15 14:09:14 - Address with ID 10 not found for deletion
2025-03-15 14:09:18 - Deleted address with ID: 1
2025-03-15 14:11:14 - Commencing graceful shutdown. Waiting for active requests to complete
2025-03-15 14:11:15 - Graceful shutdown complete
2025-03-15 14:11:15 - Closing JPA EntityManagerFactory for persistence unit 'default'
2025-03-15 14:11:15 - HikariPool-3 - Shutdown initiated...
2025-03-15 14:11:15 - HikariPool-3 - Shutdown completed.
2025-03-15 14:44:02 - Starting AddressbookApplication using Java 23.0.2 with PID 12228 (C:\Users\panwa.ARROWWAVE\Downloads\addressbook\addressbook\target\classes started by panwa in C:\Users\panwa.ARROWWAVE\Downloads\addressbook\addressbook)
2025-03-15 14:44:02 - Running with Spring Boot v3.4.3, Spring v6.2.3
2025-03-15 14:44:02 - No active profile set, falling back to 1 default profile: "default"
2025-03-15 14:44:02 - Devtools property defaults active! Set 'spring.devtools.add-properties' to 'false' to disable
2025-03-15 14:44:02 - For additional web related logging consider setting the 'logging.level.web' property to 'DEBUG'
2025-03-15 14:44:03 - Bootstrapping Spring Data JPA repositories in DEFAULT mode.
2025-03-15 14:44:03 - Finished Spring Data repository scanning in 35 ms. Found 1 JPA repository interface.
2025-03-15 14:44:03 - Tomcat initialized with port 8080 (http)
2025-03-15 14:44:03 - Starting service [Tomcat]
2025-03-15 14:44:03 - Starting Servlet engine: [Apache Tomcat/10.1.36]
2025-03-15 14:44:03 - Initializing Spring embedded WebApplicationContext
2025-03-15 14:44:03 - Root WebApplicationContext: initialization completed in 994 ms
2025-03-15 14:44:03 - HHH000204: Processing PersistenceUnitInfo [name: default]
2025-03-15 14:44:03 - HHH000412: Hibernate ORM core version 6.6.8.Final
2025-03-15 14:44:03 - HHH000026: Second-level cache disabled
2025-03-15 14:44:04 - No LoadTimeWeaver setup: ignoring JPA class transformer
2025-03-15 14:44:04 - HikariPool-1 - Starting...
2025-03-15 14:44:04 - HikariPool-1 - Added connection com.mysql.cj.jdbc.ConnectionImpl@fba85ea
2025-03-15 14:44:04 - HikariPool-1 - Start completed.
2025-03-15 14:44:04 - HHH90000025: MySQL8Dialect does not need to be specified explicitly using 'hibernate.dialect' (remove the property setting and it will be selected by default)
2025-03-15 14:44:04 - HHH90000026: MySQL8Dialect has been deprecated; use org.hibernate.dialect.MySQLDialect instead
2025-03-15 14:44:04 - HHH10001005: Database info:
	Database JDBC URL [Connecting through datasource 'HikariDataSource (HikariPool-1)']
	Database driver: undefined/unknown
	Database version: 8.0
	Autocommit mode: undefined/unknown
	Isolation level: undefined/unknown
	Minimum pool size: undefined/unknown
	Maximum pool size: undefined/unknown
2025-03-15 14:44:05 - HHH000489: No JTA platform available (set 'hibernate.transaction.jta.platform' to enable JTA platform integration)
2025-03-15 14:44:05 - Initialized JPA EntityManagerFactory for persistence unit 'default'
2025-03-15 14:44:05 - spring.jpa.open-in-view is enabled by default. Therefore, database queries may be performed during view rendering. Explicitly configure spring.jpa.open-in-view to disable this warning
2025-03-15 14:44:05 - LiveReload server is running on port 35729
2025-03-15 14:44:05 - Tomcat started on port 8080 (http) with context path '/'
2025-03-15 14:44:05 - Started AddressbookApplication in 3.431 seconds (process running for 4.192)
2025-03-15 14:44:37 - Commencing graceful shutdown. Waiting for active requests to complete
2025-03-15 14:44:38 - Graceful shutdown complete
2025-03-15 14:44:38 - Closing JPA EntityManagerFactory for persistence unit 'default'
2025-03-15 14:44:38 - HikariPool-1 - Shutdown initiated...
2025-03-15 14:44:38 - HikariPool-1 - Shutdown completed.
2025-03-15 14:44:42 - Starting AddressbookApplication using Java 23.0.2 with PID 6436 (C:\Users\panwa.ARROWWAVE\Downloads\addressbook\addressbook\target\classes started by panwa in C:\Users\panwa.ARROWWAVE\Downloads\addressbook\addressbook)
2025-03-15 14:44:42 - Running with Spring Boot v3.4.3, Spring v6.2.3
2025-03-15 14:44:42 - No active profile set, falling back to 1 default profile: "default"
2025-03-15 14:44:42 - Devtools property defaults active! Set 'spring.devtools.add-properties' to 'false' to disable
2025-03-15 14:44:42 - For additional web related logging consider setting the 'logging.level.web' property to 'DEBUG'
2025-03-15 14:44:42 - Bootstrapping Spring Data JPA repositories in DEFAULT mode.
2025-03-15 14:44:42 - Finished Spring Data repository scanning in 35 ms. Found 1 JPA repository interface.
2025-03-15 14:44:43 - Tomcat initialized with port 8080 (http)
2025-03-15 14:44:43 - Starting service [Tomcat]
2025-03-15 14:44:43 - Starting Servlet engine: [Apache Tomcat/10.1.36]
2025-03-15 14:44:43 - Initializing Spring embedded WebApplicationContext
2025-03-15 14:44:43 - Root WebApplicationContext: initialization completed in 978 ms
2025-03-15 14:44:43 - HHH000204: Processing PersistenceUnitInfo [name: default]
2025-03-15 14:44:43 - HHH000412: Hibernate ORM core version 6.6.8.Final
2025-03-15 14:44:43 - HHH000026: Second-level cache disabled
2025-03-15 14:44:43 - No LoadTimeWeaver setup: ignoring JPA class transformer
2025-03-15 14:44:43 - HikariPool-1 - Starting...
2025-03-15 14:44:44 - HikariPool-1 - Added connection com.mysql.cj.jdbc.ConnectionImpl@4f6f6f1e
2025-03-15 14:44:44 - HikariPool-1 - Start completed.
2025-03-15 14:44:44 - HHH90000025: MySQL8Dialect does not need to be specified explicitly using 'hibernate.dialect' (remove the property setting and it will be selected by default)
2025-03-15 14:44:44 - HHH90000026: MySQL8Dialect has been deprecated; use org.hibernate.dialect.MySQLDialect instead
2025-03-15 14:44:44 - HHH10001005: Database info:
	Database JDBC URL [Connecting through datasource 'HikariDataSource (HikariPool-1)']
	Database driver: undefined/unknown
	Database version: 8.0
	Autocommit mode: undefined/unknown
	Isolation level: undefined/unknown
	Minimum pool size: undefined/unknown
	Maximum pool size: undefined/unknown
2025-03-15 14:44:44 - HHH000489: No JTA platform available (set 'hibernate.transaction.jta.platform' to enable JTA platform integration)
2025-03-15 14:44:44 - Initialized JPA EntityManagerFactory for persistence unit 'default'
2025-03-15 14:44:44 - spring.jpa.open-in-view is enabled by default. Therefore, database queries may be performed during view rendering. Explicitly configure spring.jpa.open-in-view to disable this warning
2025-03-15 14:44:45 - LiveReload server is running on port 35729
2025-03-15 14:44:45 - Tomcat started on port 8080 (http) with context path '/'
2025-03-15 14:44:45 - Started AddressbookApplication in 3.326 seconds (process running for 3.963)
2025-03-15 14:45:05 - Commencing graceful shutdown. Waiting for active requests to complete
2025-03-15 14:45:06 - Graceful shutdown complete
2025-03-15 14:45:06 - Closing JPA EntityManagerFactory for persistence unit 'default'
2025-03-15 14:45:06 - HikariPool-1 - Shutdown initiated...
2025-03-15 14:45:06 - HikariPool-1 - Shutdown completed.
